\BOOKMARK [0][-]{chapter*.1}{\376\377\000A\000b\000s\000t\000r\000a\000c\000t}{}% 1
\BOOKMARK [0][-]{chapter*.2}{\376\377\000G\000u\000i\000d\000e\000\040\000t\000o\000\040\000t\000h\000e\000\040\000L\000i\000t\000e\000r\000a\000t\000u\000r\000e\000\040\000a\000n\000d\000\040\000S\000c\000o\000p\000e}{}% 2
\BOOKMARK [0][-]{chapter.1}{\376\377\000O\000p\000t\000i\000m\000a\000l\000\040\000M\000a\000t\000c\000h\000i\000n\000g\000\040\000b\000e\000t\000w\000e\000e\000n\000\040\000P\000o\000i\000n\000t\000\040\000C\000l\000o\000u\000d\000s}{}% 3
\BOOKMARK [1][-]{section.1.1}{\376\377\000M\000o\000n\000g\000e\000\040\000P\000r\000o\000b\000l\000e\000m\000\040\000f\000o\000r\000\040\000D\000i\000s\000c\000r\000e\000t\000e\000\040\000P\000o\000i\000n\000t\000s}{chapter.1}% 4
\BOOKMARK [1][-]{section.1.2}{\376\377\000M\000a\000t\000c\000h\000i\000n\000g\000\040\000A\000l\000g\000o\000r\000i\000t\000h\000m\000s}{chapter.1}% 5
\BOOKMARK [0][-]{chapter.2}{\376\377\000M\000o\000n\000g\000e\000\040\000P\000r\000o\000b\000l\000e\000m\000\040\000b\000e\000t\000w\000e\000e\000n\000\040\000M\000e\000a\000s\000u\000r\000e\000s}{}% 6
\BOOKMARK [1][-]{section.2.1}{\376\377\000M\000e\000a\000s\000u\000r\000e\000s}{chapter.2}% 7
\BOOKMARK [1][-]{section.2.2}{\376\377\000P\000u\000s\000h\000\040\000F\000o\000r\000w\000a\000r\000d}{chapter.2}% 8
\BOOKMARK [1][-]{section.2.3}{\376\377\000M\000o\000n\000g\000e\000'\000s\000\040\000F\000o\000r\000m\000u\000l\000a\000t\000i\000o\000n}{chapter.2}% 9
\BOOKMARK [1][-]{section.2.4}{\376\377\000E\000x\000i\000s\000t\000e\000n\000c\000e\000\040\000a\000n\000d\000\040\000U\000n\000i\000q\000u\000e\000n\000e\000s\000s\000\040\000o\000f\000\040\000t\000h\000e\000\040\000M\000o\000n\000g\000e\000\040\000M\000a\000p}{chapter.2}% 10
\BOOKMARK [1][-]{section.2.5}{\376\377\000B\000e\000y\000o\000n\000d\000\040\000t\000h\000e\000\040\000Q\000u\000a\000d\000r\000a\000t\000i\000c\000\040\000E\000u\000c\000l\000i\000d\000e\000a\000n\000\040\000C\000o\000s\000t}{chapter.2}% 11
\BOOKMARK [1][-]{section.2.6}{\376\377\000O\000n\000e\000-\000D\000i\000m\000e\000n\000s\000i\000o\000n\000a\000l\000\040\000T\000r\000a\000n\000s\000p\000o\000r\000t\000\040\000a\000n\000d\000\040\000Q\000u\000a\000n\000t\000i\000l\000e\000s}{chapter.2}% 12
\BOOKMARK [1][-]{section.2.7}{\376\377\000G\000a\000u\000s\000s\000i\000a\000n\000\040\000M\000e\000a\000s\000u\000r\000e\000s\000\040\000a\000n\000d\000\040\000t\000h\000e\000\040\000B\000u\000r\000e\000s\000\040\000M\000e\000t\000r\000i\000c}{chapter.2}% 13
\BOOKMARK [0][-]{chapter.3}{\376\377\000K\000a\000n\000t\000o\000r\000o\000v\000i\000c\000h\000\040\000R\000e\000l\000a\000x\000a\000t\000i\000o\000n}{}% 14
\BOOKMARK [1][-]{section.3.1}{\376\377\000D\000i\000s\000c\000r\000e\000t\000e\000\040\000R\000e\000l\000a\000x\000a\000t\000i\000o\000n}{chapter.3}% 15
\BOOKMARK [1][-]{section.3.2}{\376\377\000L\000i\000n\000e\000a\000r\000-\000P\000r\000o\000g\000r\000a\000m\000m\000i\000n\000g\000\040\000A\000l\000g\000o\000r\000i\000t\000h\000m\000s}{chapter.3}% 16
\BOOKMARK [1][-]{section.3.3}{\376\377\000R\000e\000l\000a\000x\000a\000t\000i\000o\000n\000\040\000f\000o\000r\000\040\000A\000r\000b\000i\000t\000r\000a\000r\000y\000\040\000M\000e\000a\000s\000u\000r\000e\000s}{chapter.3}% 17
\BOOKMARK [1][-]{section.3.4}{\376\377\000c\000-\000C\000y\000c\000l\000i\000c\000a\000l\000\040\000M\000o\000n\000o\000t\000o\000n\000i\000c\000i\000t\000y}{chapter.3}% 18
\BOOKMARK [1][-]{section.3.5}{\376\377\000M\000e\000t\000r\000i\000c\000\040\000P\000r\000o\000p\000e\000r\000t\000i\000e\000s\000:\000\040\000W\000a\000s\000s\000e\000r\000s\000t\000e\000i\000n\000\040\000D\000i\000s\000t\000a\000n\000c\000e\000s}{chapter.3}% 19
\BOOKMARK [1][-]{section.3.6}{\376\377\000M\000e\000t\000r\000i\000c\000\040\000P\000r\000o\000p\000e\000r\000t\000i\000e\000s\000:\000\040\000T\000o\000p\000o\000l\000o\000g\000y\000\040\000a\000n\000d\000\040\000A\000p\000p\000l\000i\000c\000a\000t\000i\000o\000n\000s}{chapter.3}% 20
\BOOKMARK [1][-]{section.3.7}{\376\377\000W\000a\000s\000s\000e\000r\000s\000t\000e\000i\000n\000\040\000o\000v\000e\000r\000\040\000W\000a\000s\000s\000e\000r\000s\000t\000e\000i\000n}{chapter.3}% 21
\BOOKMARK [1][-]{section.3.8}{\376\377\000D\000i\000s\000t\000r\000i\000b\000u\000t\000i\000o\000n\000a\000l\000\040\000R\000o\000b\000u\000s\000t\000n\000e\000s\000s\000\040\000a\000n\000d\000\040\000W\000-\000i\000n\000f\000i\000n\000i\000t\000y}{chapter.3}% 22
\BOOKMARK [1][-]{section.3.9}{\376\377\000Q\000u\000a\000n\000t\000i\000t\000a\000t\000i\000v\000e\000\040\000C\000e\000n\000t\000r\000a\000l\000\040\000L\000i\000m\000i\000t\000\040\000T\000h\000e\000o\000r\000e\000m\000s}{chapter.3}% 23
\BOOKMARK [0][-]{chapter.4}{\376\377\000D\000u\000a\000l\000\040\000P\000r\000o\000b\000l\000e\000m}{}% 24
\BOOKMARK [1][-]{section.4.1}{\376\377\000D\000i\000s\000c\000r\000e\000t\000e\000\040\000d\000u\000a\000l}{chapter.4}% 25
\BOOKMARK [1][-]{section.4.2}{\376\377\000A\000u\000c\000t\000i\000o\000n\000\040\000A\000l\000g\000o\000r\000i\000t\000h\000m\000\040\000a\000n\000d\000\040\000D\000u\000a\000l\000\040\000P\000r\000i\000c\000e\000s}{chapter.4}% 26
\BOOKMARK [1][-]{section.4.3}{\376\377\000G\000e\000n\000e\000r\000a\000l\000\040\000f\000o\000r\000m\000u\000l\000a\000t\000i\000o\000n}{chapter.4}% 27
\BOOKMARK [1][-]{section.4.4}{\376\377\000c\000-\000t\000r\000a\000n\000s\000f\000o\000r\000m\000s}{chapter.4}% 28
\BOOKMARK [0][-]{chapter.5}{\376\377\000S\000e\000m\000i\000-\000d\000i\000s\000c\000r\000e\000t\000e\000\040\000a\000n\000d\000\040\000W\0001}{}% 29
\BOOKMARK [1][-]{section.5.1}{\376\377\000S\000e\000m\000i\000-\000d\000u\000a\000l}{chapter.5}% 30
\BOOKMARK [1][-]{section.5.2}{\376\377\000S\000e\000m\000i\000-\000d\000i\000s\000c\000r\000e\000t\000e}{chapter.5}% 31
\BOOKMARK [1][-]{section.5.3}{\376\377\000O\000p\000t\000i\000m\000a\000l\000\040\000Q\000u\000a\000n\000t\000i\000z\000a\000t\000i\000o\000n}{chapter.5}% 32
\BOOKMARK [1][-]{section.5.4}{\376\377\000W\0001}{chapter.5}% 33
\BOOKMARK [0][-]{chapter.6}{\376\377\000D\000i\000v\000e\000r\000g\000e\000n\000c\000e\000s\000\040\000a\000n\000d\000\040\000D\000u\000a\000l\000\040\000N\000o\000r\000m\000s}{}% 34
\BOOKMARK [1][-]{section.6.1}{\376\377\000D\000u\000a\000l\000\040\000n\000o\000r\000m\000s\000\040\000\050\000I\000n\000t\000e\000g\000r\000a\000l\000\040\000P\000r\000o\000b\000a\000b\000i\000l\000i\000t\000y\000\040\000M\000e\000t\000r\000i\000c\000s\000\051}{chapter.6}% 35
\BOOKMARK [1][-]{section.6.2}{\376\377\000D\000u\000a\000l\000\040\000R\000K\000H\000S\000\040\000N\000o\000r\000m\000s\000\040\000a\000n\000d\000\040\000M\000a\000x\000i\000m\000u\000m\000\040\000M\000e\000a\000n\000\040\000D\000i\000s\000c\000r\000e\000p\000a\000n\000c\000i\000e\000s}{chapter.6}% 36
\BOOKMARK [1][-]{section.6.3}{\376\377\000p\000h\000i\000-\000d\000i\000v\000e\000r\000g\000e\000n\000c\000e\000s}{chapter.6}% 37
\BOOKMARK [1][-]{section.6.4}{\376\377\000G\000A\000N\000s\000\040\000v\000i\000a\000\040\000D\000u\000a\000l\000i\000t\000y}{chapter.6}% 38
\BOOKMARK [0][-]{chapter.7}{\376\377\000E\000n\000t\000r\000o\000p\000i\000c\000\040\000R\000e\000g\000u\000l\000a\000r\000i\000z\000a\000t\000i\000o\000n\000:\000\040\000S\000i\000n\000k\000h\000o\000r\000n\000\040\000A\000l\000g\000o\000r\000i\000t\000h\000m}{}% 39
\BOOKMARK [1][-]{section.7.1}{\376\377\000E\000n\000t\000r\000o\000p\000i\000c\000\040\000R\000e\000g\000u\000l\000a\000r\000i\000z\000a\000t\000i\000o\000n\000\040\000f\000o\000r\000\040\000D\000i\000s\000c\000r\000e\000t\000e\000\040\000M\000e\000a\000s\000u\000r\000e\000s}{chapter.7}% 40
\BOOKMARK [1][-]{section.7.2}{\376\377\000S\000i\000n\000k\000h\000o\000r\000n\000'\000s\000\040\000A\000l\000g\000o\000r\000i\000t\000h\000m}{chapter.7}% 41
\BOOKMARK [1][-]{section.7.3}{\376\377\000R\000e\000f\000o\000r\000m\000u\000l\000a\000t\000i\000o\000n\000\040\000u\000s\000i\000n\000g\000\040\000r\000e\000l\000a\000t\000i\000v\000e\000\040\000e\000n\000t\000r\000o\000p\000y}{chapter.7}% 42
\BOOKMARK [1][-]{section.7.4}{\376\377\000G\000e\000n\000e\000r\000a\000l\000\040\000F\000o\000r\000m\000u\000l\000a\000t\000i\000o\000n}{chapter.7}% 43
\BOOKMARK [1][-]{section.7.5}{\376\377\000P\000a\000t\000h\000-\000S\000p\000a\000c\000e\000\040\000S\000c\000h\000r\000\366\000d\000i\000n\000g\000e\000r\000\040\000P\000r\000o\000b\000l\000e\000m}{chapter.7}% 44
\BOOKMARK [1][-]{section.7.6}{\376\377\000D\000u\000a\000l\000\040\000o\000f\000\040\000S\000i\000n\000k\000h\000o\000r\000n}{chapter.7}% 45
\BOOKMARK [1][-]{section.7.7}{\376\377\000M\000a\000r\000g\000i\000n\000a\000l\000-\000D\000e\000p\000e\000n\000d\000e\000n\000t\000\040\000P\000r\000o\000b\000l\000e\000m\000s}{chapter.7}% 46
\BOOKMARK [1][-]{section.7.8}{\376\377\000H\000e\000a\000t\000\040\000K\000e\000r\000n\000e\000l\000s\000\040\000a\000n\000d\000\040\000H\000o\000p\000f\040\023\000C\000o\000l\000e\000\040\000T\000r\000a\000n\000s\000f\000o\000r\000m\000s}{chapter.7}% 47
\BOOKMARK [1][-]{section.7.9}{\376\377\000O\000t\000h\000e\000r\000\040\000C\000o\000n\000v\000e\000x\000\040\000R\000e\000g\000u\000l\000a\000r\000i\000z\000e\000r\000s}{chapter.7}% 48
\BOOKMARK [1][-]{section.7.10}{\376\377\000S\000i\000n\000k\000h\000o\000r\000n\000\040\000D\000i\000v\000e\000r\000g\000e\000n\000c\000e\000s}{chapter.7}% 49
\BOOKMARK [1][-]{section.7.11}{\376\377\000C\000o\000m\000p\000l\000e\000x\000\040\000E\000p\000s\000i\000l\000o\000n}{chapter.7}% 50
\BOOKMARK [0][-]{chapter.8}{\376\377\000E\000n\000t\000r\000o\000p\000i\000c\000\040\000R\000e\000g\000u\000l\000a\000r\000i\000z\000a\000t\000i\000o\000n\000:\000\040\000C\000o\000n\000v\000e\000r\000g\000e\000n\000c\000e}{}% 51
\BOOKMARK [1][-]{section.8.1}{\376\377\000S\000i\000n\000k\000h\000o\000r\000n\000\040\000C\000o\000n\000v\000e\000r\000g\000e\000n\000c\000e\000:\000\040\000B\000r\000e\000g\000m\000a\000n\000\040\000V\000i\000e\000w}{chapter.8}% 52
\BOOKMARK [1][-]{section.8.2}{\376\377\000S\000i\000n\000k\000h\000o\000r\000n\000\040\000C\000o\000n\000v\000e\000r\000g\000e\000n\000c\000e\000:\000\040\000M\000o\000n\000o\000t\000o\000n\000e\000\040\000P\000o\000i\000n\000t\000\040\000o\000f\000\040\000V\000i\000e\000w}{chapter.8}% 53
\BOOKMARK [1][-]{section.8.3}{\376\377\000S\000i\000n\000k\000h\000o\000r\000n\000\040\000C\000o\000n\000v\000e\000r\000g\000e\000n\000c\000e\000:\000\040\000S\000u\000b\000l\000i\000n\000e\000a\000r\000\040\000R\000o\000b\000u\000s\000t\000\040\000R\000a\000t\000e}{chapter.8}% 54
\BOOKMARK [1][-]{section.8.4}{\376\377\000S\000i\000n\000k\000h\000o\000r\000n\000\040\000C\000o\000n\000v\000e\000r\000g\000e\000n\000c\000e\000:\000\040\000L\000i\000n\000e\000a\000r\000\040\000H\000i\000l\000b\000e\000r\000t\000\040\000M\000e\000t\000r\000i\000c\000\040\000R\000a\000t\000e}{chapter.8}% 55
\BOOKMARK [1][-]{section.8.5}{\376\377\000E\000n\000t\000r\000o\000p\000i\000c\000\040\000O\000p\000t\000i\000m\000a\000l\000\040\000T\000r\000a\000n\000s\000p\000o\000r\000t\000\040\000b\000e\000t\000w\000e\000e\000n\000\040\000G\000a\000u\000s\000s\000i\000a\000n\000s}{chapter.8}% 56
\BOOKMARK [1][-]{section.8.6}{\376\377\000C\000o\000n\000t\000i\000n\000u\000o\000u\000s\000\040\000e\000p\000s\000i\000l\000o\000n\000-\000S\000i\000n\000k\000h\000o\000r\000n\000\040\000F\000l\000o\000w}{chapter.8}% 57
\BOOKMARK [1][-]{section.8.7}{\376\377\000S\000a\000m\000p\000l\000e\000\040\000C\000o\000m\000p\000l\000e\000x\000i\000t\000y}{chapter.8}% 58
\BOOKMARK [1][-]{section.8.8}{\376\377\000M\000o\000n\000o\000t\000o\000n\000e\000\040\000C\000l\000e\000a\000r\000i\000n\000g\000\040\000B\000e\000y\000o\000n\000d\000\040\000V\000a\000r\000i\000a\000t\000i\000o\000n\000a\000l\000\040\000S\000i\000n\000k\000h\000o\000r\000n}{chapter.8}% 59
\BOOKMARK [0][-]{chapter.9}{\376\377\000G\000e\000n\000e\000r\000a\000l\000i\000z\000e\000d\000\040\000W\000a\000s\000s\000e\000r\000s\000t\000e\000i\000n\000\040\000D\000i\000s\000t\000a\000n\000c\000e\000s}{}% 60
\BOOKMARK [1][-]{section.9.1}{\376\377\000U\000n\000b\000a\000l\000a\000n\000c\000e\000d\000\040\000O\000T}{chapter.9}% 61
\BOOKMARK [1][-]{section.9.2}{\376\377\000S\000l\000i\000c\000e\000d\000\040\000W\000a\000s\000s\000e\000r\000s\000t\000e\000i\000n\000\040\000D\000i\000s\000t\000a\000n\000c\000e\000s}{chapter.9}% 62
\BOOKMARK [1][-]{section.9.3}{\376\377\000Q\000u\000o\000t\000i\000e\000n\000t\000\040\000W\000a\000s\000s\000e\000r\000s\000t\000e\000i\000n\000\040\000a\000n\000d\000\040\000W\000a\000s\000s\000e\000r\000s\000t\000e\000i\000n\040\023\000P\000r\000o\000c\000r\000u\000s\000t\000e\000s}{chapter.9}% 63
\BOOKMARK [1][-]{section.9.4}{\376\377\000V\000e\000c\000t\000o\000r\000\040\000Q\000u\000a\000n\000t\000i\000l\000e\000s\000\040\000a\000n\000d\000\040\000L\000i\000n\000e\000a\000r\000\040\000O\000p\000t\000i\000m\000a\000l\000\040\000T\000r\000a\000n\000s\000p\000o\000r\000t}{chapter.9}% 64
\BOOKMARK [1][-]{section.9.5}{\376\377\000S\000p\000e\000c\000t\000r\000a\000l\000\040\000a\000n\000d\000\040\000R\000o\000b\000u\000s\000t\000\040\000W\000a\000s\000s\000e\000r\000s\000t\000e\000i\000n\000\040\000D\000i\000s\000t\000a\000n\000c\000e\000s}{chapter.9}% 65
\BOOKMARK [0][-]{chapter.10}{\376\377\000G\000e\000n\000e\000r\000a\000l\000i\000z\000e\000d\000\040\000O\000T\000\040\000P\000r\000o\000b\000l\000e\000m\000s}{}% 66
\BOOKMARK [1][-]{section.10.1}{\376\377\000O\000T\000\040\000B\000a\000r\000y\000c\000e\000n\000t\000e\000r\000s}{chapter.10}% 67
\BOOKMARK [1][-]{section.10.2}{\376\377\000M\000u\000l\000t\000i\000m\000a\000r\000g\000i\000n\000a\000l\000\040\000O\000T}{chapter.10}% 68
\BOOKMARK [1][-]{section.10.3}{\376\377\000L\000o\000w\000-\000R\000a\000n\000k\000\040\000O\000p\000t\000i\000m\000a\000l\000\040\000T\000r\000a\000n\000s\000p\000o\000r\000t}{chapter.10}% 69
\BOOKMARK [1][-]{section.10.4}{\376\377\000C\000a\000p\000a\000c\000i\000t\000y\000-\000C\000o\000n\000s\000t\000r\000a\000i\000n\000e\000d\000\040\000O\000p\000t\000i\000m\000a\000l\000\040\000T\000r\000a\000n\000s\000p\000o\000r\000t}{chapter.10}% 70
\BOOKMARK [1][-]{section.10.5}{\376\377\000M\000e\000t\000r\000i\000c\000\040\000l\000e\000a\000r\000n\000i\000n\000g\000\040\000a\000n\000d\000\040\000i\000n\000v\000e\000r\000s\000e\000\040\000O\000T}{chapter.10}% 71
\BOOKMARK [2][-]{subsection.10.5.1}{\376\377\000D\000i\000f\000f\000e\000r\000e\000n\000t\000i\000a\000t\000i\000n\000g\000\040\000O\000T\000\040\000l\000o\000s\000s\000e\000s}{section.10.5}% 72
\BOOKMARK [1][-]{section.10.6}{\376\377\000W\000e\000a\000k\000\040\000O\000p\000t\000i\000m\000a\000l\000\040\000T\000r\000a\000n\000s\000p\000o\000r\000t}{chapter.10}% 73
\BOOKMARK [2][-]{subsection.10.6.1}{\376\377\000M\000a\000r\000t\000i\000n\000g\000a\000l\000e\000\040\000O\000p\000t\000i\000m\000a\000l\000\040\000T\000r\000a\000n\000s\000p\000o\000r\000t}{section.10.6}% 74
\BOOKMARK [0][-]{chapter.11}{\376\377\000B\000e\000y\000o\000n\000d\000\040\000C\000o\000m\000p\000a\000r\000i\000n\000g\000\040\000M\000e\000a\000s\000u\000r\000e\000s}{}% 75
\BOOKMARK [1][-]{section.11.1}{\376\377\000V\000e\000c\000t\000o\000r\000\040\000a\000n\000d\000\040\000M\000a\000t\000r\000i\000x\000-\000V\000a\000l\000u\000e\000d\000\040\000M\000e\000a\000s\000u\000r\000e\000s}{chapter.11}% 76
\BOOKMARK [1][-]{section.11.2}{\376\377\000G\000r\000o\000m\000o\000v\040\023\000W\000a\000s\000s\000e\000r\000s\000t\000e\000i\000n}{chapter.11}% 77
\BOOKMARK [1][-]{section.11.3}{\376\377\000Q\000u\000a\000n\000t\000u\000m\000\040\000O\000p\000t\000i\000m\000a\000l\000\040\000T\000r\000a\000n\000s\000p\000o\000r\000t}{chapter.11}% 78
\BOOKMARK [0][-]{chapter.12}{\376\377\000D\000y\000n\000a\000m\000i\000c\000\040\000O\000p\000t\000i\000m\000a\000l\000\040\000T\000r\000a\000n\000s\000p\000o\000r\000t}{}% 79
\BOOKMARK [1][-]{section.12.1}{\376\377\000E\000v\000o\000l\000u\000t\000i\000o\000n\000s\000\040\000o\000v\000e\000r\000\040\000t\000h\000e\000\040\000S\000p\000a\000c\000e\000\040\000o\000f\000\040\000M\000e\000a\000s\000u\000r\000e\000s}{chapter.12}% 80
\BOOKMARK [1][-]{section.12.2}{\376\377\000B\000e\000n\000a\000m\000o\000u\040\023\000B\000r\000e\000n\000i\000e\000r\000\040\000d\000y\000n\000a\000m\000i\000c\000\040\000f\000o\000r\000m\000u\000l\000a\000t\000i\000o\000n\000\040\000o\000f\000\040\000O\000T}{chapter.12}% 81
\BOOKMARK [2][-]{subsection.12.2.1}{\376\377\000C\000o\000n\000v\000e\000x\000\040\000m\000o\000m\000e\000n\000t\000-\000b\000a\000s\000e\000d\000\040\000r\000e\000f\000o\000r\000m\000u\000l\000a\000t\000i\000o\000n}{section.12.2}% 82
\BOOKMARK [1][-]{section.12.3}{\376\377\000E\000x\000t\000e\000n\000s\000i\000o\000n\000s\000\040\000o\000f\000\040\000t\000h\000e\000\040\000d\000y\000n\000a\000m\000i\000c\000\040\000f\000o\000r\000m\000u\000l\000a\000t\000i\000o\000n}{chapter.12}% 83
\BOOKMARK [1][-]{section.12.4}{\376\377\000D\000i\000s\000c\000r\000e\000t\000e\000\040\000W\000a\000s\000s\000e\000r\000s\000t\000e\000i\000n\000\040\000G\000e\000o\000m\000e\000t\000r\000i\000e\000s\000\040\000o\000n\000\040\000M\000a\000r\000k\000o\000v\000\040\000C\000h\000a\000i\000n\000s}{chapter.12}% 84
\BOOKMARK [0][-]{chapter.13}{\376\377\000W\000a\000s\000s\000e\000r\000s\000t\000e\000i\000n\000\040\000G\000r\000a\000d\000i\000e\000n\000t\000\040\000F\000l\000o\000w\000s}{}% 85
\BOOKMARK [1][-]{section.13.1}{\376\377\000M\000i\000n\000i\000m\000i\000z\000i\000n\000g\000\040\000M\000o\000v\000e\000m\000e\000n\000t\000s\000\040\000a\000n\000d\000\040\000W\000a\000s\000s\000e\000r\000s\000t\000e\000i\000n\000\040\000G\000r\000a\000d\000i\000e\000n\000t\000s}{chapter.13}% 86
\BOOKMARK [1][-]{section.13.2}{\376\377\000U\000n\000b\000a\000l\000a\000n\000c\000e\000d\000\040\000W\000a\000s\000s\000e\000r\000s\000t\000e\000i\000n\040\023\000F\000i\000s\000h\000e\000r\040\023\000R\000a\000o\000\040\000G\000r\000a\000d\000i\000e\000n\000t\000\040\000F\000l\000o\000w\000s}{chapter.13}% 87
\BOOKMARK [1][-]{section.13.3}{\376\377\000G\000e\000o\000d\000e\000s\000i\000c\000\040\000C\000o\000n\000v\000e\000x\000i\000t\000y\000\040\000a\000n\000d\000\040\000C\000o\000n\000v\000e\000r\000g\000e\000n\000c\000e}{chapter.13}% 88
\BOOKMARK [1][-]{section.13.4}{\376\377\000T\000r\000a\000i\000n\000i\000n\000g\000\040\000T\000w\000o\000-\000L\000a\000y\000e\000r\000\040\000M\000L\000P\000s\000\040\000a\000s\000\040\000W\000a\000s\000s\000e\000r\000s\000t\000e\000i\000n\000\040\000F\000l\000o\000w\000s}{chapter.13}% 89
\BOOKMARK [1][-]{section.13.5}{\376\377\000F\000u\000n\000c\000t\000i\000o\000n\000a\000l\000\040\000I\000n\000e\000q\000u\000a\000l\000i\000t\000i\000e\000s\000\040\000v\000i\000a\000\040\000O\000p\000t\000i\000m\000a\000l\000\040\000T\000r\000a\000n\000s\000p\000o\000r\000t}{chapter.13}% 90
\BOOKMARK [0][-]{chapter.14}{\376\377\000G\000e\000n\000e\000r\000a\000t\000i\000v\000e\000\040\000M\000o\000d\000e\000l\000s\000\040\000v\000i\000a\000\040\000T\000r\000a\000n\000s\000p\000o\000r\000t\000a\000t\000i\000o\000n}{}% 91
\BOOKMARK [1][-]{section.14.1}{\376\377\000G\000e\000n\000e\000r\000a\000t\000i\000v\000e\000\040\000M\000o\000d\000e\000l\000s\000\040\000v\000i\000a\000\040\000F\000l\000o\000w\000\040\000M\000a\000t\000c\000h\000i\000n\000g}{chapter.14}% 92
\BOOKMARK [1][-]{section.14.2}{\376\377\000O\000n\000e\000-\000S\000t\000e\000p\000\040\000G\000e\000n\000e\000r\000a\000t\000i\000v\000e\000\040\000M\000o\000d\000e\000l\000s}{chapter.14}% 93
\BOOKMARK [1][-]{section.14.3}{\376\377\000M\000o\000m\000e\000n\000t\000\040\000M\000e\000a\000s\000u\000r\000e\000s}{chapter.14}% 94
\BOOKMARK [1][-]{section.14.4}{\376\377\000E\000v\000o\000l\000u\000t\000i\000o\000n\000\040\000i\000n\000\040\000D\000e\000p\000t\000h\000\040\000o\000f\000\040\000T\000r\000a\000n\000s\000f\000o\000r\000m\000e\000r\000s}{chapter.14}% 95
\BOOKMARK [1][-]{section.14.5}{\376\377\000F\000l\000o\000w\000s\000\040\000o\000v\000e\000r\000\040\000t\000h\000e\000\040\000G\000a\000u\000s\000s\000i\000a\000n\000\040\000M\000a\000n\000i\000f\000o\000l\000d}{chapter.14}% 96
\BOOKMARK [0][-]{chapter*.187}{\376\377\000C\000o\000n\000c\000l\000u\000s\000i\000o\000n}{}% 97
\BOOKMARK [1][-]{section*.188}{\376\377\000A\000c\000k\000n\000o\000w\000l\000e\000d\000g\000e\000m\000e\000n\000t\000s}{chapter*.187}% 98
\BOOKMARK [0][-]{appendix.A}{\376\377\000N\000o\000t\000a\000t\000i\000o\000n\000\040\000T\000a\000b\000l\000e}{}% 99
\BOOKMARK [0][-]{section*.190}{\376\377\000I\000n\000d\000e\000x}{}% 100
